<?xml version="1.0" encoding="UTF-8"?><testsuite errors="1" failures="0" name="Academy Choucair" skipped="0" tests="1" time="15.88" timestamp="2020-06-09 09:11:53"><testcase name="Search for a automation course"><error message="The following error occurred: element click intercepted: Element &lt;strong id=&quot;yui_3_17_2_1_1591711921026_20&quot;&gt;...&lt;/strong&gt; is not clickable at point (1150, 24). Other element would receive the click: &lt;div class=&quot;modal fade show&quot; id=&quot;Ingresar&quot; tabindex=&quot;-1&quot; role=&quot;dialog&quot; aria-labelledby=&quot;Ingresar&quot; style=&quot;padding-right: 17px; display: block;&quot;&gt;...&lt;/div&gt;&#10;  (Session info: chrome=83.0.4103.97)&#10;Build info: version: '3.11.0', revision: 'e59cfb3', time: '2018-03-11T20:26:55.152Z'&#10;System info: host: 'USUARIO-PC', ip: '192.168.0.5', os.name: 'Windows 7', os.arch: 'amd64', os.version: '6.1', java.version: '1.8.0_251'&#10;Driver info: org.openqa.selenium.remote.RemoteWebDriver&#10;Capabilities {acceptInsecureCerts: false, browserName: chrome, browserVersion: 83.0.4103.97, chrome: {chromedriverVersion: 83.0.4103.39 (ccbf011cb2d2b..., userDataDir: C:\Users\USUARIO\AppData\Lo...}, goog:chromeOptions: {debuggerAddress: localhost:49564}, javascriptEnabled: true, networkConnectionEnabled: false, pageLoadStrategy: normal, platform: WINDOWS, platformName: WINDOWS, proxy: Proxy(), setWindowRect: true, strictFileInteractability: false, timeouts: {implicit: 0, pageLoad: 300000, script: 30000}, unhandledPromptBehavior: dismiss and notify, webauthn:virtualAuthenticators: true}&#10;Session ID: 1838dbd67122382be1439c0f8ea17e18" type="org.openqa.selenium.ElementClickInterceptedException">The following error occurred: element click intercepted: Element &lt;strong id="yui_3_17_2_1_1591711921026_20"&gt;...&lt;/strong&gt; is not clickable at point (1150, 24). Other element would receive the click: &lt;div class="modal fade show" id="Ingresar" tabindex="-1" role="dialog" aria-labelledby="Ingresar" style="padding-right: 17px; display: block;"&gt;...&lt;/div&gt;
  (Session info: chrome=83.0.4103.97)
Build info: version: '3.11.0', revision: 'e59cfb3', time: '2018-03-11T20:26:55.152Z'
System info: host: 'USUARIO-PC', ip: '192.168.0.5', os.name: 'Windows 7', os.arch: 'amd64', os.version: '6.1', java.version: '1.8.0_251'
Driver info: org.openqa.selenium.remote.RemoteWebDriver
Capabilities {acceptInsecureCerts: false, browserName: chrome, browserVersion: 83.0.4103.97, chrome: {chromedriverVersion: 83.0.4103.39 (ccbf011cb2d2b..., userDataDir: C:\Users\USUARIO\AppData\Lo...}, goog:chromeOptions: {debuggerAddress: localhost:49564}, javascriptEnabled: true, networkConnectionEnabled: false, pageLoadStrategy: normal, platform: WINDOWS, platformName: WINDOWS, proxy: Proxy(), setWindowRect: true, strictFileInteractability: false, timeouts: {implicit: 0, pageLoad: 300000, script: 30000}, unhandledPromptBehavior: dismiss and notify, webauthn:virtualAuthenticators: true}
Session ID: 1838dbd67122382be1439c0f8ea17e18</error><system-err>The following error occurred: element click intercepted: Element &lt;strong id="yui_3_17_2_1_1591711921026_20"&gt;...&lt;/strong&gt; is not clickable at point (1150, 24). Other element would receive the click: &lt;div class="modal fade show" id="Ingresar" tabindex="-1" role="dialog" aria-labelledby="Ingresar" style="padding-right: 17px; display: block;"&gt;...&lt;/div&gt;
  (Session info: chrome=83.0.4103.97)
Build info: version: '3.11.0', revision: 'e59cfb3', time: '2018-03-11T20:26:55.152Z'
System info: host: 'USUARIO-PC', ip: '192.168.0.5', os.name: 'Windows 7', os.arch: 'amd64', os.version: '6.1', java.version: '1.8.0_251'
Driver info: org.openqa.selenium.remote.RemoteWebDriver
Capabilities {acceptInsecureCerts: false, browserName: chrome, browserVersion: 83.0.4103.97, chrome: {chromedriverVersion: 83.0.4103.39 (ccbf011cb2d2b..., userDataDir: C:\Users\USUARIO\AppData\Lo...}, goog:chromeOptions: {debuggerAddress: localhost:49564}, javascriptEnabled: true, networkConnectionEnabled: false, pageLoadStrategy: normal, platform: WINDOWS, platformName: WINDOWS, proxy: Proxy(), setWindowRect: true, strictFileInteractability: false, timeouts: {implicit: 0, pageLoad: 300000, script: 30000}, unhandledPromptBehavior: dismiss and notify, webauthn:virtualAuthenticators: true}
Session ID: 1838dbd67122382be1439c0f8ea17e18&#13;
co.com.choucair.certification.academy.tasks.Login.performAs(Login.java:18)&#13;
co.com.choucair.certification.academy.stepdefinitions.ChoucairAcademyStepDefintions.thanBrandonWantsToLearAutomationAtTheAcademyChoucair(ChoucairAcademyStepDefintions.java:22)&#13;
cucumber.runner.Runner.runPickle(Runner.java:80)&#13;
</system-err></testcase></testsuite>